Arguments: 
  /Users/idongsu/.nvm/versions/node/v8.9.1/bin/node /Users/idongsu/.nvm/versions/node/v8.9.1/bin/yarn docker

PATH: 
  /Users/idongsu/.jenv/shims:/Users/idongsu/.jenv/bin:/Users/idongsu/.nvm/versions/node/v8.9.1/bin:/usr/local/bin:/usr/bin:/bin:/usr/sbin:/sbin:/Users/idongsu/.jenv/shims:/Users/idongsu/.jenv/bin:/Users/idongsu/.rvm/bin:/Users/idongsu/.jenv/mvn/3.5.2/bin:/Users/idongsu/.jenv/versions/1.8/bin:/Users/idongsu/.jenv/mvn/3.5.2/bin:/Users/idongsu/.rvm/bin:/Users/idongsu/.jenv/versions/1.8/bin:/Users/idongsu/.jenv/mvn/3.5.2/bin:/usr/local/bin

Yarn version: 
  1.3.2

Node version: 
  8.9.1

Platform: 
  darwin x64

npm manifest: 
  {
    "name": "sequelize_tutorial",
    "version": "0.0.0",
    "private": true,
    "dependencies": {
      "body-parser": "~1.13.2",
      "cookie-parser": "~1.3.5",
      "debug": "~2.2.0",
      "ejs": "~2.3.3",
      "express": "~4.13.1",
      "mysql": "^2.15.0",
      "pg": "^4.4.3",
      "pg-hstore": "^2.3.2",
      "sequelize": "^3.14.2",
      "underscore.string": "^3.2.2"
    },
    "scripts": {
      "_sync": "git status && git pull",
      "start:dev": "NODE_ENV=development NODE_PATH=src nodemon src/index.js",
      "docker": "docker-compose up --build -d",
    }
  }

yarn manifest: 
  No manifest

Lockfile: 
  No lockfile

Trace: 
  SyntaxError: /Users/idongsu/Desktop/workspace/Dongsu/gitclone/sequelize-example/package.json: Unexpected token } in JSON at position 542
      at JSON.parse (<anonymous>)
      at /Users/idongsu/.nvm/versions/node/v8.9.1/lib/node_modules/yarn/lib/cli.js:770:59
      at Generator.next (<anonymous>)
      at step (/Users/idongsu/.nvm/versions/node/v8.9.1/lib/node_modules/yarn/lib/cli.js:92:30)
      at /Users/idongsu/.nvm/versions/node/v8.9.1/lib/node_modules/yarn/lib/cli.js:103:13
      at <anonymous>
